[12] Rednet opened.
[12] Requesting DNS data from server...
[12] Received DNS data. Caching to file...
[12] DNS data cached to 'dns_cache.txt'.
[12] 
DNS Data:
Google:24
Amazon:27
[12] Rednet closed.
[12] Rednet opened.
[12] Requesting DNS data from server...
[12] Received DNS data. Caching to file...
[12] DNS data cached to 'dns_cache.txt'.
[12] 
DNS Data:
Google:24
Amazon:27
[12] Rednet closed.
[12] Hostname 'example' not found in cache. Attempting DNS update...
[12] DNS server not found.
[12] Failed to resolve hostname 'example'.
[12] Resolved 'Google' to ID: 24
[12] Rednet opened.
[12] Requesting DNS data from server...
[12] Received DNS data. Caching to file...
[12] DNS data cached to 'dns_cache.txt'.
[12] 
DNS Data:
Google:24
Amazon:27
[12] Rednet closed.
[12] Hostname 'example' not found in cache. Attempting DNS update...
[12] DNS server not found.
[12] Failed to resolve hostname 'example'.
[12] Resolved 'Google' to ID: 24
[12] Hostname '18' not found in cache. Attempting DNS update...
[12] DNS server not found.
[12] Failed to resolve hostname '18'.
[12] Query failed: Could not resolve hostname '18'.
[12] Rednet opened.
[12] Requesting DNS data from server...
[12] Received DNS data. Caching to file...
[12] DNS data cached to 'dns_cache.txt'.
[12] 
DNS Data:
Google:24
Amazon:27
[12] Rednet closed.
[12] Hostname 'example' not found in cache. Attempting DNS update...
[12] DNS server not found.
[12] Failed to resolve hostname 'example'.
[12] Resolved 'Google' to ID: 24
[12] Hostname '18' not found in cache. Attempting DNS update...
[12] DNS server not found.
[12] Failed to resolve hostname '18'.
[12] Query failed: Could not resolve hostname '18'.
[12] Rednet opened.
[12] Requesting DNS data from server...
[12] Received DNS data. Caching to file...
[12] DNS data cached to 'dns_cache.txt'.
[12] 
DNS Data:
Google:24
Amazon:27
[12] Hostname 'example' not found in cache. Attempting DNS update...
[12] Requesting DNS data from server...
[12] Received DNS data. Caching to file...
[12] DNS data cached to 'dns_cache.txt'.
[12] 
DNS Data:
Google:24
Amazon:27
[12] Failed to resolve hostname 'example'.
[12] Resolved 'Google' to ID: 24
[12] Hostname '18' not found in cache. Attempting DNS update...
[12] Requesting DNS data from server...
[12] Received DNS data. Caching to file...
[12] DNS data cached to 'dns_cache.txt'.
[12] 
DNS Data:
Google:24
Amazon:27
[12] Failed to resolve hostname '18'.
[12] Query failed: Could not resolve hostname '18'.
[12] Rednet closed.
[12] Rednet opened.
[12] Requesting DNS data from server...
[12] Received DNS data. Caching to file...
[12] DNS data cached to 'dns_cache.txt'.
[12] 
DNS Data:
Google:24
Amazon:27
[12] Hostname 'example' not found in cache. Attempting DNS update...
[12] Requesting DNS data from server...
[12] Received DNS data. Caching to file...
[12] DNS data cached to 'dns_cache.txt'.
[12] 
DNS Data:
Google:24
Amazon:27
[12] Failed to resolve hostname 'example'.
[12] Resolved 'Google' to ID: 24
[12] Sent query to ID 18 via protocol 'DNS': get
[12] Received response from ID 18: Google:24
Amazon:27
[12] Rednet closed.
[12] Rednet opened.
[12] Requesting DNS data from server...
[12] Received DNS data. Caching to file...
[12] DNS data cached to 'dns_cache.txt'.
[12] 
DNS Data:
Google:24
Amazon:27
[12] Hostname 'example' not found in cache. Attempting DNS update...
[12] Requesting DNS data from server...
[12] Received DNS data. Caching to file...
[12] DNS data cached to 'dns_cache.txt'.
[12] 
DNS Data:
Google:24
Amazon:27
[12] Failed to resolve hostname 'example'.
[12] Resolved 'Google' to ID: 24
[12] Sent query to ID 18 via protocol 'DNS': get
[12] Received response from ID 18: Google:24
Amazon:27
[12] Rednet closed.
[12] Rednet opened.
[12] Requesting DNS data from server...
[12] Received DNS data. Caching to file...
[12] DNS data cached to 'dns_cache.txt'.
[12] 
DNS Data:
Google:24
Amazon:27
[12] Hostname 'example' not found in cache. Attempting DNS update...
[12] Requesting DNS data from server...
[12] Received DNS data. Caching to file...
[12] DNS data cached to 'dns_cache.txt'.
[12] 
DNS Data:
Google:24
Amazon:27
[12] Failed to resolve hostname 'example'.
[12] Resolved 'Google' to ID: 24
[12] Rednet opened.
[12] Requesting DNS data from server...
[12] Received DNS data. Caching to file...
[12] DNS data cached to 'dns_cache.txt'.
[12] 
DNS Data:
Google:24
Amazon:27
[12] Hostname 'example' not found in cache. Attempting DNS update...
[12] Requesting DNS data from server...
[12] Received DNS data. Caching to file...
[12] DNS data cached to 'dns_cache.txt'.
[12] 
DNS Data:
Google:24
Amazon:27
[12] Failed to resolve hostname 'example'.
[12] Resolved 'Google' to ID: 24
[12] Rednet opened.
[12] Requesting DNS data from server...
[12] Received DNS data. Caching to file...
[12] DNS data cached to 'dns_cache.txt'.
[12] 
DNS Data:
Google:24
Amazon:27
[12] Hostname 'example' not found in cache. Attempting DNS update...
[12] Requesting DNS data from server...
[12] Received DNS data. Caching to file...
[12] DNS data cached to 'dns_cache.txt'.
[12] 
DNS Data:
Google:24
Amazon:27
[12] Failed to resolve hostname 'example'.
[12] Resolved 'Google' to ID: 24
[12] Sent query to ID 18 via protocol 'DNS': get
[12] Received response from ID 18: Google:24
Amazon:27
[12] Rednet closed.
[12] Rednet opened.
[12] Requesting DNS data from server...
[12] Received DNS data. Caching to file...
[12] DNS data cached to 'dns_cache.txt'.
[12] 
DNS Data:
Google:24
Amazon:27
[12] Hostname 'example' not found in cache. Attempting DNS update...
[12] Requesting DNS data from server...
[12] Received DNS data. Caching to file...
[12] DNS data cached to 'dns_cache.txt'.
[12] 
DNS Data:
Google:24
Amazon:27
[12] Failed to resolve hostname 'example'.
[12] Resolved 'Google' to ID: 24
[12] Sent query to ID 18 via protocol 'DNS': get
[12] Received response from ID 18: Google:24
Amazon:27
[12] Rednet closed.
[12] Rednet opened.
[12] Requesting DNS data from server...
[12] Received DNS data. Caching to file...
[12] DNS data cached to 'dns_cache.txt'.
[12] 
DNS Data:
Google:24
Amazon:27
[12] Hostname 'example' not found in cache. Attempting DNS update...
[12] Requesting DNS data from server...
[12] Received DNS data. Caching to file...
[12] DNS data cached to 'dns_cache.txt'.
[12] 
DNS Data:
Google:24
Amazon:27
[12] Failed to resolve hostname 'example'.
[12] Resolved 'Google' to ID: 24
[12] Sent query to ID 18 via protocol 'DNS': get
[12] Received response from ID 18: Google:24
Amazon:27
[12] Rednet closed.
[12] Rednet opened.
[12] Requesting DNS data from server...
[12] Received DNS data. Caching to file...
[12] DNS data cached to 'dns_cache.txt'.
[12] 
DNS Data:
Google:24
Amazon:27
[12] Hostname 'example' not found in cache. Attempting DNS update...
[12] Requesting DNS data from server...
[12] Received DNS data. Caching to file...
[12] DNS data cached to 'dns_cache.txt'.
[12] 
DNS Data:
Google:24
Amazon:27
[12] Failed to resolve hostname 'example'.
[12] Resolved 'Google' to ID: 24
[12] Sent query to ID 18 via protocol 'DNS': get
[12] Received response from ID 18: Google:24
Amazon:27
[12] Rednet closed.
[12] Rednet opened.
[12] Requesting DNS data from server...
[12] DNS data cached to 'dns_cache.txt'.
[12] Entry: Amazon → 3 (AmazonInternet)
[12] Entry: TestWebsite → 21 (AmazonInternet)
[12] Hostname 'example' not found in cache. Attempting DNS update...
[12] Requesting DNS data from server...
[12] DNS data cached to 'dns_cache.txt'.
[12] Entry: Amazon → 3 (AmazonInternet)
[12] Entry: TestWebsite → 21 (AmazonInternet)
[12] Failed to resolve hostname 'example'.
[12] Hostname 'Google' not found in cache. Attempting DNS update...
[12] Requesting DNS data from server...
[12] DNS data cached to 'dns_cache.txt'.
[12] Entry: Amazon → 3 (AmazonInternet)
[12] Entry: TestWebsite → 21 (AmazonInternet)
[12] Failed to resolve hostname 'Google'.
[12] Sent query to ID 18 via protocol 'DNS': get
[12] Received response from ID 18: [{"id":3,"protocol":"AmazonInternet","hostname":"Amazon"},{"id":21,"protocol":"AmazonInternet","hostname":"TestWebsite"}]
[12] Rednet closed.
[12] Rednet opened.
[12] Requesting DNS data from server...
[12] DNS data cached to 'dns_cache.txt'.
[12] Entry: Amazon : 3 (AmazonInternet)
[12] Entry: TestWebsite : 21 (AmazonInternet)
[12] Hostname 'example' not found in cache. Attempting DNS update...
[12] Requesting DNS data from server...
[12] DNS data cached to 'dns_cache.txt'.
[12] Entry: Amazon : 3 (AmazonInternet)
[12] Entry: TestWebsite : 21 (AmazonInternet)
[12] Failed to resolve hostname 'example'.
[12] Hostname 'Google' not found in cache. Attempting DNS update...
[12] Requesting DNS data from server...
[12] DNS data cached to 'dns_cache.txt'.
[12] Entry: Amazon : 3 (AmazonInternet)
[12] Entry: TestWebsite : 21 (AmazonInternet)
[12] Failed to resolve hostname 'Google'.
[12] Sent query to ID 18 via protocol 'DNS': get
[12] Received response from ID 18: [{"id":3,"protocol":"AmazonInternet","hostname":"Amazon"},{"id":21,"protocol":"AmazonInternet","hostname":"TestWebsite"}]
[12] Rednet closed.
[12] Rednet opened.
[12] Requesting DNS data from server...
[12] DNS data cached to 'dns_cache.txt'.
[12] Entry: Amazon : 3 (AmazonInternet)
[12] Entry: TestWebsite : 21 (AmazonInternet)
[12] Resolved 'Amazon' to ID: 3
[12] Hostname 'Google' not found in cache. Attempting DNS update...
[12] Requesting DNS data from server...
[12] DNS data cached to 'dns_cache.txt'.
[12] Entry: Amazon : 3 (AmazonInternet)
[12] Entry: TestWebsite : 21 (AmazonInternet)
[12] Failed to resolve hostname 'Google'.
[12] Sent query to ID 18 via protocol 'DNS': get
[12] Received response from ID 18: [{"id":3,"protocol":"AmazonInternet","hostname":"Amazon"},{"id":21,"protocol":"AmazonInternet","hostname":"TestWebsite"}]
[12] Rednet closed.
[12] Rednet is not open. Attempting to open...
[12] Rednet opened.
[12] Resolved 'TestWebsite' to ID: 21
[12] Sent query to ID 21 via protocol 'AmazonInternet': TestWebsite
[12] Received response from ID 21: ## [text:yellow]MiniMark++ Feature Showcase

Welcome to the [text:lime]MiniMark++[text:reset] demo page!

# Alignment Test
# [background:green][text:black]Left Aligned[background:black]
## [background:green][text:black]Centered[background:black]
### [background:green][text:black]Right Aligned[background:black]

# [text:cyan]Inline Color Test:
This sentence has [text:red]red[text:reset], [text:blue]blue[text:reset], and [text:green]green[text:reset] words.

# [text:magenta]Background Color Test:
[background:yellow][text:black] Yellow Background 
[background:lime][text:black] Lime Background 
[background:black][text:reset]

# [text:orange]Interactive Elements:

## [button:"Continue","green","white","red","goto:NextPage"][background:black]
## [button:"Cancel","red","white","green","goto:Home"][background:black]

[checkbox:"I accept the terms and conditions"]
[checkbox:"Subscribe to newsletter"]

[textbox:30]
[textbox:40]

# [text:lightBlue]Link Example:
[link:"Home","Return to Home"]

# [text:gray]That's all, folks!

[12] Resolved 'TestWebsite' to ID: 21
[12] Sent query to ID 21 via protocol 'AmazonInternet': TestWebsite
[12] Received response from ID 21: ## [text:yellow]MiniMark++ Feature Showcase

Welcome to the [text:lime]MiniMark++[text:reset] demo page!

# Alignment Test
# [background:green][text:black]Left Aligned[background:black]
## [background:green][text:black]Centered[background:black]
### [background:green][text:black]Right Aligned[background:black]

# [text:cyan]Inline Color Test:
This sentence has [text:red]red[text:reset], [text:blue]blue[text:reset], and [text:green]green[text:reset] words.

# [text:magenta]Background Color Test:
[background:yellow][text:black] Yellow Background 
[background:lime][text:black] Lime Background 
[background:black][text:reset]

# [text:orange]Interactive Elements:

## [button:"Continue","green","white","red","goto:NextPage"][background:black]
## [button:"Cancel","red","white","green","goto:Home"][background:black]

[checkbox:"I accept the terms and conditions"]
[checkbox:"Subscribe to newsletter"]

[textbox:30]
[textbox:40]

# [text:lightBlue]Link Example:
[link:"Home","Return to Home"]

# [text:gray]That's all, folks!

[12] Hostname 'AmazonInternet' not found in cache. Attempting DNS update...
[12] Requesting DNS data from server...
[12] DNS data cached to 'dns_cache.txt'.
[12] Entry: Amazon : 3 (AmazonInternet)
[12] Entry: TestWebsite : 21 (AmazonInternet)
[12] Failed to resolve hostname 'AmazonInternet'.
[12] Query failed: Could not resolve hostname 'AmazonInternet'.
[12] Hostname 'AmazonInternet' not found in cache. Attempting DNS update...
[12] Requesting DNS data from server...
[12] DNS data cached to 'dns_cache.txt'.
[12] Entry: Amazon : 3 (AmazonInternet)
[12] Entry: TestWebsite : 21 (AmazonInternet)
[12] Failed to resolve hostname 'AmazonInternet'.
[12] Query failed: Could not resolve hostname 'AmazonInternet'.
[12] Hostname 'AmazonInternet' not found in cache. Attempting DNS update...
[12] Requesting DNS data from server...
[12] DNS data cached to 'dns_cache.txt'.
[12] Entry: Amazon : 3 (AmazonInternet)
[12] Entry: TestWebsite : 21 (AmazonInternet)
[12] Failed to resolve hostname 'AmazonInternet'.
[12] Query failed: Could not resolve hostname 'AmazonInternet'.
[12] Resolved 'TestWebsite' to ID: 21
[12] Resolved 'TestWebsite' to ID: 21
[12] Sent query to ID 21 via protocol 'AmazonInternet': TestWebsite
[12] Received response from ID 21: ## [text:yellow]MiniMark++ Feature Showcase

Welcome to the [text:lime]MiniMark++[text:reset] demo page!

# Alignment Test
# [background:green][text:black]Left Aligned[background:black]
## [background:green][text:black]Centered[background:black]
### [background:green][text:black]Right Aligned[background:black]

# [text:cyan]Inline Color Test:
This sentence has [text:red]red[text:reset], [text:blue]blue[text:reset], and [text:green]green[text:reset] words.

# [text:magenta]Background Color Test:
[background:yellow][text:black] Yellow Background 
[background:lime][text:black] Lime Background 
[background:black][text:reset]

# [text:orange]Interactive Elements:

## [button:"Continue","green","white","red","goto:NextPage"][background:black]
## [button:"Cancel","red","white","green","goto:Home"][background:black]

[checkbox:"I accept the terms and conditions"]
[checkbox:"Subscribe to newsletter"]

[textbox:30]
[textbox:40]

# [text:lightBlue]Link Example:
[link:"Home","Return to Home"]

# [text:gray]That's all, folks!

[12] Resolved 'TestWebsite' to ID: 21
[12] Sent query to ID 21 via protocol 'AmazonInternet': TestWebsite
[12] Received response from ID 21: ## [text:yellow]MiniMark++ Feature Showcase

Welcome to the [text:lime]MiniMark++[text:reset] demo page!

# Alignment Test
# [background:green][text:black]Left Aligned[background:black]
## [background:green][text:black]Centered[background:black]
### [background:green][text:black]Right Aligned[background:black]

# [text:cyan]Inline Color Test:
This sentence has [text:red]red[text:reset], [text:blue]blue[text:reset], and [text:green]green[text:reset] words.

# [text:magenta]Background Color Test:
[background:yellow][text:black] Yellow Background 
[background:lime][text:black] Lime Background 
[background:black][text:reset]

# [text:orange]Interactive Elements:

## [button:"Continue","green","white","red","goto:NextPage"][background:black]
## [button:"Cancel","red","white","green","goto:Home"][background:black]

[checkbox:"I accept the terms and conditions"]
[checkbox:"Subscribe to newsletter"]

[textbox:30]
[textbox:40]

# [text:lightBlue]Link Example:
[link:"Home","Return to Home"]

# [text:gray]That's all, folks!

[12] Resolved 'TestWebsite' to ID: 21
[12] Sent query to ID 21 via protocol 'AmazonInternet': TestWebsite
[12] Received response from ID 21: ## [text:yellow]MiniMark++ Feature Showcase

Welcome to the [text:lime]MiniMark++[text:reset] demo page!

# Alignment Test
# [background:green][text:black]Left Aligned[background:black]
## [background:green][text:black]Centered[background:black]
### [background:green][text:black]Right Aligned[background:black]

# [text:cyan]Inline Color Test:
This sentence has [text:red]red[text:reset], [text:blue]blue[text:reset], and [text:green]green[text:reset] words.

# [text:magenta]Background Color Test:
[background:yellow][text:black] Yellow Background 
[background:lime][text:black] Lime Background 
[background:black][text:reset]

# [text:orange]Interactive Elements:

## [button:"Continue","green","white","red","goto:NextPage"][background:black]
## [button:"Cancel","red","white","green","goto:Home"][background:black]

[checkbox:"I accept the terms and conditions"]
[checkbox:"Subscribe to newsletter"]

[textbox:30]
[textbox:40]

# [text:lightBlue]Link Example:
[link:"Home","Return to Home"]

# [text:gray]That's all, folks!

[12] Resolved 'TestWebsite' to ID: 21
[12] Sent query to ID 21 via protocol 'AmazonInternet': TestWebsite
[12] Received response from ID 21: ## [text:yellow]MiniMark++ Feature Showcase

Welcome to the [text:lime]MiniMark++[text:reset] demo page!

# Alignment Test
# [background:green][text:black]Left Aligned[background:black]
## [background:green][text:black]Centered[background:black]
### [background:green][text:black]Right Aligned[background:black]

# [text:cyan]Inline Color Test:
This sentence has [text:red]red[text:reset], [text:blue]blue[text:reset], and [text:green]green[text:reset] words.

# [text:magenta]Background Color Test:
[background:yellow][text:black] Yellow Background 
[background:lime][text:black] Lime Background 
[background:black][text:reset]

# [text:orange]Interactive Elements:

## [button:"Continue","green","white","red","goto:NextPage"][background:black]
## [button:"Cancel","red","white","green","goto:Home"][background:black]

[checkbox:"I accept the terms and conditions"]
[checkbox:"Subscribe to newsletter"]

[textbox:30]
[textbox:40]

# [text:lightBlue]Link Example:
[link:"Home","Return to Home"]

# [text:gray]That's all, folks!

[12] Resolved 'TestWebsite' to ID: 21
[12] Sent query to ID 21 via protocol 'AmazonInternet': TestWebsite
[12] Received response from ID 21: ## [text:yellow]MiniMark++ Feature Showcase

Welcome to the [text:lime]MiniMark++[text:reset] demo page!

# Alignment Test
# [background:green][text:black]Left Aligned[background:black]
## [background:green][text:black]Centered[background:black]
### [background:green][text:black]Right Aligned[background:black]

# [text:cyan]Inline Color Test:
This sentence has [text:red]red[text:reset], [text:blue]blue[text:reset], and [text:green]green[text:reset] words.

# [text:magenta]Background Color Test:
[background:yellow][text:black] Yellow Background 
[background:lime][text:black] Lime Background 
[background:black][text:reset]

# [text:orange]Interactive Elements:

## [button:"Continue","green","white","red","goto:NextPage"][background:black]
## [button:"Cancel","red","white","green","goto:Home"][background:black]

[checkbox:"I accept the terms and conditions"]
[checkbox:"Subscribe to newsletter"]

[textbox:30]
[textbox:40]

# [text:lightBlue]Link Example:
[link:"Home","Return to Home"]

# [text:gray]That's all, folks!

[12] Hostname '21' not found in cache. Attempting DNS update...
[12] Requesting DNS data from server...
[12] DNS data cached to 'dns_cache.txt'.
[12] Entry: Amazon : 3 (AmazonInternet)
[12] Entry: TestWebsite : 21 (AmazonInternet)
[12] Failed to resolve hostname '21'.
[12] Query failed: Could not resolve hostname '21'.
[12] Resolved 'TestWebsite' to ID: 21
[12] Sent query to ID 21 via protocol 'AmazonInternet': TestWebsite
[12] Received response from ID 21: ## [text:yellow]MiniMark++ Feature Showcase

Welcome to the [text:lime]MiniMark++[text:reset] demo page!

# Alignment Test
# [background:green][text:black]Left Aligned[background:black]
## [background:green][text:black]Centered[background:black]
### [background:green][text:black]Right Aligned[background:black]

# [text:cyan]Inline Color Test:
This sentence has [text:red]red[text:reset], [text:blue]blue[text:reset], and [text:green]green[text:reset] words.

# [text:magenta]Background Color Test:
[background:yellow][text:black] Yellow Background 
[background:lime][text:black] Lime Background 
[background:black][text:reset]

# [text:orange]Interactive Elements:

## [button:"Continue","green","white","red","goto:NextPage"][background:black]
## [button:"Cancel","red","white","green","goto:Home"][background:black]

[checkbox:"I accept the terms and conditions"]
[checkbox:"Subscribe to newsletter"]

[textbox:30]
[textbox:40]

# [text:lightBlue]Link Example:
[link:"Home","Return to Home"]

# [text:gray]That's all, folks!

[12] Resolved 'TestWebsite' to ID: 21
[12] Sent query to ID 21 via protocol 'AmazonInternet': TestWebsite
[12] Received response from ID 21: ## [text:yellow]MiniMark++ Feature Showcase

Welcome to the [text:lime]MiniMark++[text:reset] demo page!

# Alignment Test
# [background:green][text:black]Left Aligned[background:black]
## [background:green][text:black]Centered[background:black]
### [background:green][text:black]Right Aligned[background:black]

# [text:cyan]Inline Color Test:
This sentence has [text:red]red[text:reset], [text:blue]blue[text:reset], and [text:green]green[text:reset] words.

# [text:magenta]Background Color Test:
[background:yellow][text:black] Yellow Background 
[background:lime][text:black] Lime Background 
[background:black][text:reset]

# [text:orange]Interactive Elements:

## [button:"Continue","green","white","red","goto:NextPage"][background:black]
## [button:"Cancel","red","white","green","goto:Home"][background:black]

[checkbox:"I accept the terms and conditions"]
[checkbox:"Subscribe to newsletter"]

[textbox:30]
[textbox:40]

# [text:lightBlue]Link Example:
[link:"Home","Return to Home"]

# [text:gray]That's all, folks!

[12] Resolved 'TestWebsite' to ID: 21
[12] Sent query to ID 21 via protocol 'AmazonInternet': TestWebsite
[12] Received response from ID 21: ## [text:yellow]MiniMark++ Feature Showcase

Welcome to the [text:lime]MiniMark++[text:reset] demo page!

# Alignment Test
# [background:green][text:black]Left Aligned[background:black]
## [background:green][text:black]Centered[background:black]
### [background:green][text:black]Right Aligned[background:black]

# [text:cyan]Inline Color Test:
This sentence has [text:red]red[text:reset], [text:blue]blue[text:reset], and [text:green]green[text:reset] words.

# [text:magenta]Background Color Test:
[background:yellow][text:black] Yellow Background 
[background:lime][text:black] Lime Background 
[background:black][text:reset]

# [text:orange]Interactive Elements:

## [button:"Continue","green","white","red","goto:NextPage"][background:black]
## [button:"Cancel","red","white","green","goto:Home"][background:black]

[checkbox:"I accept the terms and conditions"]
[checkbox:"Subscribe to newsletter"]

[textbox:30]
[textbox:40]

# [text:lightBlue]Link Example:
[link:"Home","Return to Home"]

# [text:gray]That's all, folks!

[12] Hostname 'asdf' not found in cache. Attempting DNS update...
[12] Requesting DNS data from server...
[12] DNS data cached to 'dns_cache.txt'.
[12] Entry: Amazon : 3 (AmazonInternet)
[12] Entry: TestWebsite : 21 (AmazonInternet)
[12] Failed to resolve hostname 'asdf'.
[12] Query failed: Could not resolve hostname 'asdf'.
[12] Resolved 'TestWebsite' to ID: 21
[12] Sent query to ID 21 via protocol 'AmazonInternet': TestWebsite
[12] Received response from ID 21: ## [text:yellow]MiniMark++ Feature Showcase

Welcome to the [text:lime]MiniMark++[text:reset] demo page!

# Alignment Test
# [background:green][text:black]Left Aligned[background:black]
## [background:green][text:black]Centered[background:black]
### [background:green][text:black]Right Aligned[background:black]

# [text:cyan]Inline Color Test:
This sentence has [text:red]red[text:reset], [text:blue]blue[text:reset], and [text:green]green[text:reset] words.

# [text:magenta]Background Color Test:
[background:yellow][text:black] Yellow Background 
[background:lime][text:black] Lime Background 
[background:black][text:reset]

# [text:orange]Interactive Elements:

## [button:"Continue","green","white","red","goto:NextPage"][background:black]
## [button:"Cancel","red","white","green","goto:Home"][background:black]

[checkbox:"I accept the terms and conditions"]
[checkbox:"Subscribe to newsletter"]

[textbox:30]
[textbox:40]

# [text:lightBlue]Link Example:
[link:"Home","Return to Home"]

# [text:gray]That's all, folks!

[12] Resolved 'TestWebsite' to ID: 21
[12] Sent query to ID 21 via protocol 'AmazonInternet': TestWebsite
[12] Received response from ID 21: ## [text:yellow]MiniMark++ Feature Showcase

Welcome to the [text:lime]MiniMark++[text:reset] demo page!

# Alignment Test
# [background:green][text:black]Left Aligned[background:black]
## [background:green][text:black]Centered[background:black]
### [background:green][text:black]Right Aligned[background:black]

# [text:cyan]Inline Color Test:
This sentence has [text:red]red[text:reset], [text:blue]blue[text:reset], and [text:green]green[text:reset] words.

# [text:magenta]Background Color Test:
[background:yellow][text:black] Yellow Background 
[background:lime][text:black] Lime Background 
[background:black][text:reset]

# [text:orange]Interactive Elements:

## [button:"Continue","green","white","red","goto:NextPage"][background:black]
## [button:"Cancel","red","white","green","goto:Home"][background:black]

[checkbox:"I accept the terms and conditions"]
[checkbox:"Subscribe to newsletter"]

[textbox:30]
[textbox:40]

# [text:lightBlue]Link Example:
[link:"Home","Return to Home"]

# [text:gray]That's all, folks!

[12] Resolved 'TestWebsite' to ID: 21
[12] Sent query to ID 21 via protocol 'AmazonInternet': TestWebsite
[12] Received response from ID 21: ## [text:yellow]MiniMark++ Feature Showcase

Welcome to the [text:lime]MiniMark++[text:reset] demo page!

# Alignment Test
# [background:green][text:black]Left Aligned[background:black]
## [background:green][text:black]Centered[background:black]
### [background:green][text:black]Right Aligned[background:black]

# [text:cyan]Inline Color Test:
This sentence has [text:red]red[text:reset], [text:blue]blue[text:reset], and [text:green]green[text:reset] words.

# [text:magenta]Background Color Test:
[background:yellow][text:black] Yellow Background 
[background:lime][text:black] Lime Background 
[background:black][text:reset]

# [text:orange]Interactive Elements:

## [button:"Continue","green","white","red","goto:NextPage"][background:black]
## [button:"Cancel","red","white","green","goto:Home"][background:black]

[checkbox:"I accept the terms and conditions"]
[checkbox:"Subscribe to newsletter"]

[textbox:30]
[textbox:40]

# [text:lightBlue]Link Example:
[link:"Home","Return to Home"]

# [text:gray]That's all, folks!

[12] Resolved 'TestWebsite' to ID: 21
[12] Sent query to ID 21 via protocol 'AmazonInternet': TestWebsite
[12] Received response from ID 21: ## [text:yellow]MiniMark++ Feature Showcase

Welcome to the [text:lime]MiniMark++[text:reset] demo page!

# Alignment Test
# [background:green][text:black]Left Aligned[background:black]
## [background:green][text:black]Centered[background:black]
### [background:green][text:black]Right Aligned[background:black]

# [text:cyan]Inline Color Test:
This sentence has [text:red]red[text:reset], [text:blue]blue[text:reset], and [text:green]green[text:reset] words.

# [text:magenta]Background Color Test:
[background:yellow][text:black] Yellow Background 
[background:lime][text:black] Lime Background 
[background:black][text:reset]

# [text:orange]Interactive Elements:

## [button:"Continue","green","white","red","goto:NextPage"][background:black]
## [button:"Cancel","red","white","green","goto:Home"][background:black]

[checkbox:"I accept the terms and conditions"]
[checkbox:"Subscribe to newsletter"]

[textbox:30]
[textbox:40]

# [text:lightBlue]Link Example:
[link:"Home","Return to Home"]

# [text:gray]That's all, folks!

[12] Resolved 'TestWebsite' to ID: 21
[12] Sent query to ID 21 via protocol 'AmazonInternet': TestWebsite
[12] Received response from ID 21: ## [text:yellow]MiniMark++ Feature Showcase

Welcome to the [text:lime]MiniMark++[text:reset] demo page!

# Alignment Test
# [background:green][text:black]Left Aligned[background:black]
## [background:green][text:black]Centered[background:black]
### [background:green][text:black]Right Aligned[background:black]

# [text:cyan]Inline Color Test:
This sentence has [text:red]red[text:reset], [text:blue]blue[text:reset], and [text:green]green[text:reset] words.

# [text:magenta]Background Color Test:
[background:yellow][text:black] Yellow Background 
[background:lime][text:black] Lime Background 
[background:black][text:reset]

# [text:orange]Interactive Elements:

## [button:"Continue","green","white","red","goto:NextPage"][background:black]
## [button:"Cancel","red","white","green","goto:Home"][background:black]

[checkbox:"I accept the terms and conditions"]
[checkbox:"Subscribe to newsletter"]

[textbox:30]
[textbox:40]

# [text:lightBlue]Link Example:
[link:"Home","Return to Home"]

# [text:gray]That's all, folks!

[12] Resolved 'TestWebsite' to ID: 21
[12] Sent query to ID 21 via protocol 'AmazonInternet': TestWebsite
[12] Received response from ID 21: ## [text:yellow]MiniMark++ Feature Showcase

Welcome to the [text:lime]MiniMark++[text:reset] demo page!

# Alignment Test
# [background:green][text:black]Left Aligned[background:black]
## [background:green][text:black]Centered[background:black]
### [background:green][text:black]Right Aligned[background:black]

# [text:cyan]Inline Color Test:
This sentence has [text:red]red[text:reset], [text:blue]blue[text:reset], and [text:green]green[text:reset] words.

# [text:magenta]Background Color Test:
[background:yellow][text:black] Yellow Background 
[background:lime][text:black] Lime Background 
[background:black][text:reset]

# [text:orange]Interactive Elements:

## [button:"Continue","green","white","red","goto:NextPage"][background:black]
## [button:"Cancel","red","white","green","goto:Home"][background:black]

[checkbox:"I accept the terms and conditions"]
[checkbox:"Subscribe to newsletter"]

[textbox:30]
[textbox:40]

# [text:lightBlue]Link Example:
[link:"Home","Return to Home"]

# [text:gray]That's all, folks!

[12] Resolved 'TestWebsite' to ID: 21
[12] Sent query to ID 21 via protocol 'AmazonInternet': TestWebsite
[12] Received response from ID 21: ## [text:yellow]MiniMark++ Feature Showcase

Welcome to the [text:lime]MiniMark++[text:reset] demo page!

# Alignment Test
# [background:green][text:black]Left Aligned[background:black]
## [background:green][text:black]Centered[background:black]
### [background:green][text:black]Right Aligned[background:black]

# [text:cyan]Inline Color Test:
This sentence has [text:red]red[text:reset], [text:blue]blue[text:reset], and [text:green]green[text:reset] words.

# [text:magenta]Background Color Test:
[background:yellow][text:black] Yellow Background 
[background:lime][text:black] Lime Background 
[background:black][text:reset]

# [text:orange]Interactive Elements:

## [button:"Continue","green","white","red","goto:NextPage"][background:black]
## [button:"Cancel","red","white","green","goto:Home"][background:black]

[checkbox:"I accept the terms and conditions"]
[checkbox:"Subscribe to newsletter"]

[textbox:30]
[textbox:40]

# [text:lightBlue]Link Example:
[link:"Home","Return to Home"]

# [text:gray]That's all, folks!

[12] Hostname '' not found in cache. Attempting DNS update...
[12] Requesting DNS data from server...
[12] DNS data cached to 'dns_cache.txt'.
[12] Entry: Amazon : 3 (AmazonInternet)
[12] Entry: TestWebsite : 21 (AmazonInternet)
[12] Failed to resolve hostname ''.
[12] Query failed: Could not resolve hostname ''.
[12] Hostname '' not found in cache. Attempting DNS update...
[12] Requesting DNS data from server...
[12] DNS data cached to 'dns_cache.txt'.
[12] Entry: Amazon : 3 (AmazonInternet)
[12] Entry: TestWebsite : 21 (AmazonInternet)
[12] Failed to resolve hostname ''.
[12] Query failed: Could not resolve hostname ''.
[12] Hostname '' not found in cache. Attempting DNS update...
[12] Requesting DNS data from server...
[12] DNS data cached to 'dns_cache.txt'.
[12] Entry: Amazon : 3 (AmazonInternet)
[12] Entry: TestWebsite : 21 (AmazonInternet)
[12] Failed to resolve hostname ''.
[12] Query failed: Could not resolve hostname ''.
[12] Hostname '' not found in cache. Attempting DNS update...
[12] Requesting DNS data from server...
[12] DNS data cached to 'dns_cache.txt'.
[12] Entry: Amazon : 3 (AmazonInternet)
[12] Entry: TestWebsite : 21 (AmazonInternet)
[12] Failed to resolve hostname ''.
[12] Query failed: Could not resolve hostname ''.
[12] Resolved 'TestWebsite' to ID: 21
[12] Sent query to ID 21 via protocol 'AmazonInternet': TestWebsite
[12] Received response from ID 21: ## [text:yellow]MiniMark++ Feature Showcase

Welcome to the [text:lime]MiniMark++[text:reset] demo page!

# Alignment Test
# [background:green][text:black]Left Aligned[background:black]
## [background:green][text:black]Centered[background:black]
### [background:green][text:black]Right Aligned[background:black]

# [text:cyan]Inline Color Test:
This sentence has [text:red]red[text:reset], [text:blue]blue[text:reset], and [text:green]green[text:reset] words.

# [text:magenta]Background Color Test:
[background:yellow][text:black] Yellow Background 
[background:lime][text:black] Lime Background 
[background:black][text:reset]

# [text:orange]Interactive Elements:

## [button:"Continue","green","white","red","goto:NextPage"][background:black]
## [button:"Cancel","red","white","green","goto:Home"][background:black]

[checkbox:"I accept the terms and conditions"]
[checkbox:"Subscribe to newsletter"]

[textbox:30]
[textbox:40]

# [text:lightBlue]Link Example:
[link:"Home","Return to Home"]

# [text:gray]That's all, folks!

[12] Resolved 'TestWebsite' to ID: 21
[12] Sent query to ID 21 via protocol 'AmazonInternet': TestWebsite
[12] Received response from ID 21: ## [text:yellow]MiniMark++ Feature Showcase

Welcome to the [text:lime]MiniMark++[text:reset] demo page!

# Alignment Test
# [background:green][text:black]Left Aligned[background:black]
## [background:green][text:black]Centered[background:black]
### [background:green][text:black]Right Aligned[background:black]

# [text:cyan]Inline Color Test:
This sentence has [text:red]red[text:reset], [text:blue]blue[text:reset], and [text:green]green[text:reset] words.

# [text:magenta]Background Color Test:
[background:yellow][text:black] Yellow Background 
[background:lime][text:black] Lime Background 
[background:black][text:reset]

# [text:orange]Interactive Elements:

## [button:"Continue","green","white","red","goto:NextPage"][background:black]
## [button:"Cancel","red","white","green","goto:Home"][background:black]

[checkbox:"I accept the terms and conditions"]
[checkbox:"Subscribe to newsletter"]

[textbox:30]
[textbox:40]

# [text:lightBlue]Link Example:
[link:"Home","Return to Home"]

# [text:gray]That's all, folks!

[12] Resolved 'TestWebsite' to ID: 21
[12] Sent query to ID 21 via protocol 'AmazonInternet': TestWebsite
[12] Received response from ID 21: ## [text:yellow]MiniMark++ Feature Showcase

Welcome to the [text:lime]MiniMark++[text:reset] demo page!

# Alignment Test
# [background:green][text:black]Left Aligned[background:black]
## [background:green][text:black]Centered[background:black]
### [background:green][text:black]Right Aligned[background:black]

# [text:cyan]Inline Color Test:
This sentence has [text:red]red[text:reset], [text:blue]blue[text:reset], and [text:green]green[text:reset] words.

# [text:magenta]Background Color Test:
[background:yellow][text:black] Yellow Background 
[background:lime][text:black] Lime Background 
[background:black][text:reset]

# [text:orange]Interactive Elements:

## [button:"Continue","green","white","red","goto:NextPage"][background:black]
## [button:"Cancel","red","white","green","goto:Home"][background:black]

[checkbox:"I accept the terms and conditions"]
[checkbox:"Subscribe to newsletter"]

[textbox:30]
[textbox:40]

# [text:lightBlue]Link Example:
[link:"Home","Return to Home"]

# [text:gray]That's all, folks!

[12] Hostname 'iwill be back' not found in cache. Attempting DNS update...
[12] Requesting DNS data from server...
[12] DNS data cached to 'dns_cache.txt'.
[12] Entry: Amazon : 3 (AmazonInternet)
[12] Entry: TestWebsite : 21 (AmazonInternet)
[12] Failed to resolve hostname 'iwill be back'.
[12] Query failed: Could not resolve hostname 'iwill be back'.
[12] Hostname 'iwill be back' not found in cache. Attempting DNS update...
[12] Requesting DNS data from server...
[12] DNS data cached to 'dns_cache.txt'.
[12] Entry: Amazon : 3 (AmazonInternet)
[12] Entry: TestWebsite : 21 (AmazonInternet)
[12] Failed to resolve hostname 'iwill be back'.
[12] Query failed: Could not resolve hostname 'iwill be back'.
[12] Hostname 'iwill be back' not found in cache. Attempting DNS update...
[12] Requesting DNS data from server...
[12] DNS data cached to 'dns_cache.txt'.
[12] Entry: Amazon : 3 (AmazonInternet)
[12] Entry: TestWebsite : 21 (AmazonInternet)
[12] Failed to resolve hostname 'iwill be back'.
[12] Query failed: Could not resolve hostname 'iwill be back'.
[12] Hostname '' not found in cache. Attempting DNS update...
[12] Requesting DNS data from server...
[12] DNS data cached to 'dns_cache.txt'.
[12] Entry: Amazon : 3 (AmazonInternet)
[12] Entry: TestWebsite : 21 (AmazonInternet)
[12] Failed to resolve hostname ''.
[12] Query failed: Could not resolve hostname ''.
[12] Resolved 'TestWebsite' to ID: 21
[12] Sent query to ID 21 via protocol 'AmazonInternet': TestWebsite
[12] Received response from ID 21: ## [text:yellow]MiniMark++ Feature Showcase

Welcome to the [text:lime]MiniMark++[text:reset] demo page!

# Alignment Test
# [background:green][text:black]Left Aligned[background:black]
## [background:green][text:black]Centered[background:black]
### [background:green][text:black]Right Aligned[background:black]

# [text:cyan]Inline Color Test:
This sentence has [text:red]red[text:reset], [text:blue]blue[text:reset], and [text:green]green[text:reset] words.

# [text:magenta]Background Color Test:
[background:yellow][text:black] Yellow Background 
[background:lime][text:black] Lime Background 
[background:black][text:reset]

# [text:orange]Interactive Elements:

## [button:"Continue","green","white","red","goto:NextPage"][background:black]
## [button:"Cancel","red","white","green","goto:Home"][background:black]

[checkbox:"I accept the terms and conditions"]
[checkbox:"Subscribe to newsletter"]

[textbox:30]
[textbox:40]

# [text:lightBlue]Link Example:
[link:"Home","Return to Home"]

# [text:gray]That's all, folks!

[12] Resolved 'TestWebsite' to ID: 21
[12] Sent query to ID 21 via protocol 'AmazonInternet': TestWebsite
[12] Received response from ID 21: ## [text:yellow]MiniMark++ Feature Showcase

Welcome to the [text:lime]MiniMark++[text:reset] demo page!

# Alignment Test
# [background:green][text:black]Left Aligned[background:black]
## [background:green][text:black]Centered[background:black]
### [background:green][text:black]Right Aligned[background:black]

# [text:cyan]Inline Color Test:
This sentence has [text:red]red[text:reset], [text:blue]blue[text:reset], and [text:green]green[text:reset] words.

# [text:magenta]Background Color Test:
[background:yellow][text:black] Yellow Background 
[background:lime][text:black] Lime Background 
[background:black][text:reset]

# [text:orange]Interactive Elements:

## [button:"Continue","green","white","red","goto:NextPage"][background:black]
## [button:"Cancel","red","white","green","goto:Home"][background:black]

[checkbox:"I accept the terms and conditions"]
[checkbox:"Subscribe to newsletter"]

[textbox:30]
[textbox:40]

# [text:lightBlue]Link Example:
[link:"Home","Return to Home"]

# [text:gray]That's all, folks!

[12] Resolved 'TestWebsite' to ID: 21
[12] Sent query to ID 21 via protocol 'AmazonInternet': TestWebsite
[12] Received response from ID 21: ## [text:yellow]MiniMark++ Feature Showcase

Welcome to the [text:lime]MiniMark++[text:reset] demo page!

# Alignment Test
# [background:green][text:black]Left Aligned[background:black]
## [background:green][text:black]Centered[background:black]
### [background:green][text:black]Right Aligned[background:black]

# [text:cyan]Inline Color Test:
This sentence has [text:red]red[text:reset], [text:blue]blue[text:reset], and [text:green]green[text:reset] words.

# [text:magenta]Background Color Test:
[background:yellow][text:black] Yellow Background 
[background:lime][text:black] Lime Background 
[background:black][text:reset]

# [text:orange]Interactive Elements:

## [button:"Continue","green","white","red","goto:NextPage"][background:black]
## [button:"Cancel","red","white","green","goto:Home"][background:black]

[checkbox:"I accept the terms and conditions"]
[checkbox:"Subscribe to newsletter"]

[textbox:30]
[textbox:40]

# [text:lightBlue]Link Example:
[link:"Home","Return to Home"]

# [text:gray]That's all, folks!

[12] Resolved 'TestWebsite' to ID: 21
[12] Sent query to ID 21 via protocol 'AmazonInternet': TestWebsite
[12] Received response from ID 21: ## [text:yellow]MiniMark++ Feature Showcase

Welcome to the [text:lime]MiniMark++[text:reset] demo page!

# Alignment Test
# [background:green][text:black]Left Aligned[background:black]
## [background:green][text:black]Centered[background:black]
### [background:green][text:black]Right Aligned[background:black]

# [text:cyan]Inline Color Test:
This sentence has [text:red]red[text:reset], [text:blue]blue[text:reset], and [text:green]green[text:reset] words.

# [text:magenta]Background Color Test:
[background:yellow][text:black] Yellow Background 
[background:lime][text:black] Lime Background 
[background:black][text:reset]

# [text:orange]Interactive Elements:

## [button:"Continue","green","white","red","goto:NextPage"][background:black]
## [button:"Cancel","red","white","green","goto:Home"][background:black]

[checkbox:"I accept the terms and conditions"]
[checkbox:"Subscribe to newsletter"]

[textbox:30]
[textbox:40]

# [text:lightBlue]Link Example:
[link:"Home","Return to Home"]

# [text:gray]That's all, folks!

[12] Resolved 'TestWebsite' to ID: 21
[12] Sent query to ID 21 via protocol 'AmazonInternet': TestWebsite
[12] Received response from ID 21: ## [text:yellow]MiniMark++ Feature Showcase

Welcome to the [text:lime]MiniMark++[text:reset] demo page!

# Alignment Test
# [background:green][text:black]Left Aligned[background:black]
## [background:green][text:black]Centered[background:black]
### [background:green][text:black]Right Aligned[background:black]

# [text:cyan]Inline Color Test:
This sentence has [text:red]red[text:reset], [text:blue]blue[text:reset], and [text:green]green[text:reset] words.

# [text:magenta]Background Color Test:
[background:yellow][text:black] Yellow Background 
[background:lime][text:black] Lime Background 
[background:black][text:reset]

# [text:orange]Interactive Elements:

## [button:"Continue","green","white","red","goto:NextPage"][background:black]
## [button:"Cancel","red","white","green","goto:Home"][background:black]

[checkbox:"I accept the terms and conditions"]
[checkbox:"Subscribe to newsletter"]

[textbox:30]
[textbox:40]

# [text:lightBlue]Link Example:
[link:"Home","Return to Home"]

# [text:gray]That's all, folks!

[12] Resolved 'TestWebsite' to ID: 21
[12] Sent query to ID 21 via protocol 'AmazonInternet': TestWebsite
[12] Received response from ID 21: ## [text:yellow]MiniMark++ Feature Showcase

Welcome to the [text:lime]MiniMark++[text:reset] demo page!

# Alignment Test
# [background:green][text:black]Left Aligned[background:black]
## [background:green][text:black]Centered[background:black]
### [background:green][text:black]Right Aligned[background:black]

# [text:cyan]Inline Color Test:
This sentence has [text:red]red[text:reset], [text:blue]blue[text:reset], and [text:green]green[text:reset] words.

# [text:magenta]Background Color Test:
[background:yellow][text:black] Yellow Background 
[background:lime][text:black] Lime Background 
[background:black][text:reset]

# [text:orange]Interactive Elements:

## [button:"Continue","green","white","red","goto:NextPage"][background:black]
## [button:"Cancel","red","white","green","goto:Home"][background:black]

[checkbox:"I accept the terms and conditions"]
[checkbox:"Subscribe to newsletter"]

[textbox:30]
[textbox:40]

# [text:lightBlue]Link Example:
[link:"Home","Return to Home"]

# [text:gray]That's all, folks!

[12] Hostname '' not found in cache. Attempting DNS update...
[12] Requesting DNS data from server...
[12] DNS data cached to 'dns_cache.txt'.
[12] Entry: Amazon : 3 (AmazonInternet)
[12] Entry: TestWebsite : 21 (AmazonInternet)
[12] Failed to resolve hostname ''.
[12] Query failed: Could not resolve hostname ''.
[12] Resolved 'TestWebsite' to ID: 21
[12] Sent query to ID 21 via protocol 'AmazonInternet': TestWebsite
[12] Received response from ID 21: ## [text:yellow]MiniMark++ Feature Showcase

Welcome to the [text:lime]MiniMark++[text:reset] demo page!

# Alignment Test
# [background:green][text:black]Left Aligned[background:black]
## [background:green][text:black]Centered[background:black]
### [background:green][text:black]Right Aligned[background:black]

# [text:cyan]Inline Color Test:
This sentence has [text:red]red[text:reset], [text:blue]blue[text:reset], and [text:green]green[text:reset] words.

# [text:magenta]Background Color Test:
[background:yellow][text:black] Yellow Background 
[background:lime][text:black] Lime Background 
[background:black][text:reset]

# [text:orange]Interactive Elements:

## [button:"Continue","green","white","red","goto:NextPage"][background:black]
## [button:"Cancel","red","white","green","goto:Home"][background:black]

[checkbox:"I accept the terms and conditions"]
[checkbox:"Subscribe to newsletter"]

[textbox:30]
[textbox:40]

# [text:lightBlue]Link Example:
[link:"Home","Return to Home"]

# [text:gray]That's all, folks!

[12] Resolved 'TestWebsite' to ID: 21
[12] Sent query to ID 21 via protocol 'AmazonInternet': TestWebsite
[12] Received response from ID 21: ## [text:yellow]MiniMark++ Feature Showcase

Welcome to the [text:lime]MiniMark++[text:reset] demo page!

# Alignment Test
# [background:green][text:black]Left Aligned[background:black]
## [background:green][text:black]Centered[background:black]
### [background:green][text:black]Right Aligned[background:black]

# [text:cyan]Inline Color Test:
This sentence has [text:red]red[text:reset], [text:blue]blue[text:reset], and [text:green]green[text:reset] words.

# [text:magenta]Background Color Test:
[background:yellow][text:black] Yellow Background 
[background:lime][text:black] Lime Background 
[background:black][text:reset]

# [text:orange]Interactive Elements:

## [button:"Continue","green","white","red","goto:NextPage"][background:black]
## [button:"Cancel","red","white","green","goto:Home"][background:black]

[checkbox:"I accept the terms and conditions"]
[checkbox:"Subscribe to newsletter"]

[textbox:30]
[textbox:40]

# [text:lightBlue]Link Example:
[link:"Home","Return to Home"]

# [text:gray]That's all, folks!

[12] Resolved 'TestWebsite' to ID: 21
[12] Sent query to ID 21 via protocol 'AmazonInternet': TestWebsite
[12] Received response from ID 21: ## [text:yellow]MiniMark++ Feature Showcase

Welcome to the [text:lime]MiniMark++[text:reset] demo page!

# Alignment Test
# [background:green][text:black]Left Aligned[background:black]
## [background:green][text:black]Centered[background:black]
### [background:green][text:black]Right Aligned[background:black]

# [text:cyan]Inline Color Test:
This sentence has [text:red]red[text:reset], [text:blue]blue[text:reset], and [text:green]green[text:reset] words.

# [text:magenta]Background Color Test:
[background:yellow][text:black] Yellow Background 
[background:lime][text:black] Lime Background 
[background:black][text:reset]

# [text:orange]Interactive Elements:

## [button:"Continue","green","white","red","goto:NextPage"][background:black]
## [button:"Cancel","red","white","green","goto:Home"][background:black]

[checkbox:"I accept the terms and conditions"]
[checkbox:"Subscribe to newsletter"]

[textbox:30]
[textbox:40]

# [text:lightBlue]Link Example:
[link:"Home","Return to Home"]

# [text:gray]That's all, folks!

[12] Resolved 'TestWebsite' to ID: 21
[12] Sent query to ID 21 via protocol 'AmazonInternet': TestWebsite
[12] Received response from ID 21: ## [text:yellow]MiniMark++ Feature Showcase

Welcome to the [text:lime]MiniMark++[text:reset] demo page!

# Alignment Test
# [background:green][text:black]Left Aligned[background:black]
## [background:green][text:black]Centered[background:black]
### [background:green][text:black]Right Aligned[background:black]

# [text:cyan]Inline Color Test:
This sentence has [text:red]red[text:reset], [text:blue]blue[text:reset], and [text:green]green[text:reset] words.

# [text:magenta]Background Color Test:
[background:yellow][text:black] Yellow Background 
[background:lime][text:black] Lime Background 
[background:black][text:reset]

# [text:orange]Interactive Elements:

## [button:"Continue","green","white","red","goto:NextPage"][background:black]
## [button:"Cancel","red","white","green","goto:Home"][background:black]

[checkbox:"I accept the terms and conditions"]
[checkbox:"Subscribe to newsletter"]

[textbox:30]
[textbox:40]

# [text:lightBlue]Link Example:
[link:"Home","Return to Home"]

# [text:gray]That's all, folks!

[12] Resolved 'TestWebsite' to ID: 21
[12] Sent query to ID 21 via protocol 'AmazonInternet': TestWebsite
[12] Received response from ID 21: ## [text:yellow]MiniMark++ Feature Showcase

Welcome to the [text:lime]MiniMark++[text:reset] demo page!

# Alignment Test
# [background:green][text:black]Left Aligned[background:black]
## [background:green][text:black]Centered[background:black]
### [background:green][text:black]Right Aligned[background:black]

# [text:cyan]Inline Color Test:
This sentence has [text:red]red[text:reset], [text:blue]blue[text:reset], and [text:green]green[text:reset] words.

# [text:magenta]Background Color Test:
[background:yellow][text:black] Yellow Background 
[background:lime][text:black] Lime Background 
[background:black][text:reset]

# [text:orange]Interactive Elements:

## [button:"Continue","green","white","red","goto:NextPage"][background:black]
## [button:"Cancel","red","white","green","goto:Home"][background:black]

[checkbox:"I accept the terms and conditions"]
[checkbox:"Subscribe to newsletter"]

[textbox:30]
[textbox:40]

# [text:lightBlue]Link Example:
[link:"Home","Return to Home"]

# [text:gray]That's all, folks!

[12] Resolved 'TestWebsite' to ID: 21
[12] Sent query to ID 21 via protocol 'AmazonInternet': TestWebsite
[12] Received response from ID 21: ## [text:yellow]MiniMark++ Feature Showcase

Welcome to the [text:lime]MiniMark++[text:reset] demo page!

# Alignment Test
# [background:green][text:black]Left Aligned[background:black]
## [background:green][text:black]Centered[background:black]
### [background:green][text:black]Right Aligned[background:black]

# [text:cyan]Inline Color Test:
This sentence has [text:red]red[text:reset], [text:blue]blue[text:reset], and [text:green]green[text:reset] words.

# [text:magenta]Background Color Test:
[background:yellow][text:black] Yellow Background 
[background:lime][text:black] Lime Background 
[background:black][text:reset]

# [text:orange]Interactive Elements:

## [button:"Continue","green","white","red","goto:NextPage"][background:black]
## [button:"Cancel","red","white","green","goto:Home"][background:black]

[checkbox:"I accept the terms and conditions"]
[checkbox:"Subscribe to newsletter"]

[textbox:30]
[textbox:40]

# [text:lightBlue]Link Example:
[link:"Home","Return to Home"]

# [text:gray]That's all, folks!

[12] Resolved 'TestWebsite' to ID: 21
[12] Sent query to ID 21 via protocol 'AmazonInternet': TestWebsite
[12] Received response from ID 21: ## [text:yellow]MiniMark++ Feature Showcase

Welcome to the [text:lime]MiniMark++[text:reset] demo page!

# Alignment Test
# [background:green][text:black]Left Aligned[background:black]
## [background:green][text:black]Centered[background:black]
### [background:green][text:black]Right Aligned[background:black]

# [text:cyan]Inline Color Test:
This sentence has [text:red]red[text:reset], [text:blue]blue[text:reset], and [text:green]green[text:reset] words.

# [text:magenta]Background Color Test:
[background:yellow][text:black] Yellow Background 
[background:lime][text:black] Lime Background 
[background:black][text:reset]

# [text:orange]Interactive Elements:

## [button:"Continue","green","white","red","goto:NextPage"][background:black]
## [button:"Cancel","red","white","green","goto:Home"][background:black]

[checkbox:"I accept the terms and conditions"]
[checkbox:"Subscribe to newsletter"]

[textbox:30]
[textbox:40]

# [text:lightBlue]Link Example:
[link:"Home","Return to Home"]

# [text:gray]That's all, folks!

[12] Resolved 'TestWebsite' to ID: 21
[12] Sent query to ID 21 via protocol 'AmazonInternet': TestWebsite
[12] Received response from ID 21: ## [text:yellow]MiniMark++ Feature Showcase

Welcome to the [text:lime]MiniMark++[text:reset] demo page!

# Alignment Test
# [background:green][text:black]Left Aligned[background:black]
## [background:green][text:black]Centered[background:black]
### [background:green][text:black]Right Aligned[background:black]

# [text:cyan]Inline Color Test:
This sentence has [text:red]red[text:reset], [text:blue]blue[text:reset], and [text:green]green[text:reset] words.

# [text:magenta]Background Color Test:
[background:yellow][text:black] Yellow Background 
[background:lime][text:black] Lime Background 
[background:black][text:reset]

# [text:orange]Interactive Elements:

## [button:"Continue","green","white","red","goto:NextPage"][background:black]
## [button:"Cancel","red","white","green","goto:Home"][background:black]

[checkbox:"I accept the terms and conditions"]
[checkbox:"Subscribe to newsletter"]

[textbox:30]
[textbox:40]

# [text:lightBlue]Link Example:
[link:"Home","Return to Home"]

# [text:gray]That's all, folks!

[12] Hostname 'COWZ' not found in cache. Attempting DNS update...
[12] Requesting DNS data from server...
[12] No response received from DNS server.
[12] Failed to resolve hostname 'COWZ'.
[12] Query failed: Could not resolve hostname 'COWZ'.
[12] Hostname 'COWZ' not found in cache. Attempting DNS update...
[12] Requesting DNS data from server...
[12] No response received from DNS server.
[12] Failed to resolve hostname 'COWZ'.
[12] Query failed: Could not resolve hostname 'COWZ'.
[12] Hostname 'COWZ' not found in cache. Attempting DNS update...
[12] Requesting DNS data from server...
[12] No response received from DNS server.
[12] Failed to resolve hostname 'COWZ'.
[12] Query failed: Could not resolve hostname 'COWZ'.
[12] Hostname 'COWZ' not found in cache. Attempting DNS update...
[12] Requesting DNS data from server...
[12] DNS data cached to 'dns_cache.txt'.
[12] Entry: Amazon : 3 (AmazonInternet)
[12] Entry: TestWebsite : 21 (AmazonInternet)
[12] Entry: COWZ : 24 (AmazonInternet)
[12] Resolved 'COWZ' to ID after update: 24
[12] Sent query to ID 24 via protocol 'AmazonInternet': COWZ
[12] Query timed out waiting for reply from ID 24
[12] Resolved 'COWZ' to ID: 24
[12] Sent query to ID 24 via protocol 'AmazonInternet': COWZ
[12] Query timed out waiting for reply from ID 24
[12] Hostname 'COWZ' not found in cache. Attempting DNS update...
[12] Requesting DNS data from server...
[12] DNS data cached to 'dns_cache.txt'.
[12] Entry: Amazon : 3 (AmazonInternet)
[12] Entry: TestWebsite : 21 (AmazonInternet)
[12] Entry: COWZ : 24 (AmazonInternet)
[12] Resolved 'COWZ' to ID after update: 24
[12] Sent query to ID 24 via protocol 'AmazonInternet': COWZ
[12] Query timed out waiting for reply from ID 24
[12] Resolved 'COWZ' to ID: 24
[12] Sent query to ID 24 via protocol 'AmazonInternet': COWZ
[12] Received response from ID 24: ## [text:yellow]Welcome to COWZ 🌐

Your new favorite place for [text:lime]cool stuff on the web![text:reset]

# Feature Highlights
# [background:green][text:black]Fast & Friendly[background:black]
## [background:green][text:black]Moo-dern Design[background:black]
### [background:green][text:black]Powered by Creativity[background:black]

# [text:cyan]Meet the Herd:
We’re building [text:red]open-source[text:reset], [text:blue]community-powered[text:reset], and [text:green]super fun[text:reset] web tools for everyone.

# [text:magenta]Themes You’ll Love:
[background:yellow][text:black] Customizable UI 
[background:lime][text:black] Vibrant Colors 
[background:black][text:reset]

# [text:orange]Get Started:

## [button:"Explore","green","white","red","goto:Explore"][background:black]
## [button:"Join the Herd","red","white","green","goto:SignUp"][background:black]

[checkbox:"I agree to be awesome 😎"]
[checkbox:"Send me COWZ news!"]

[textbox:Enter your email...]
[textbox:Optional: Share your favorite cow pun!]

# [text:lightBlue]Need More Info?
[link:"About","Learn about our mission"]
[link:"Docs","Read the documentation"]

# [text:gray]See you around the paddock!

[12] Resolved 'TestWebsite' to ID: 21
[12] Sent query to ID 21 via protocol 'AmazonInternet': TestWebsite
[12] Received response from ID 21: ## [text:yellow]MiniMark++ Feature Showcase

Welcome to the [text:lime]MiniMark++[text:reset] demo page!

# Alignment Test
# [background:green][text:black]Left Aligned[background:black]
## [background:green][text:black]Centered[background:black]
### [background:green][text:black]Right Aligned[background:black]

# [text:cyan]Inline Color Test:
This sentence has [text:red]red[text:reset], [text:blue]blue[text:reset], and [text:green]green[text:reset] words.

# [text:magenta]Background Color Test:
[background:yellow][text:black] Yellow Background 
[background:lime][text:black] Lime Background 
[background:black][text:reset]

# [text:orange]Interactive Elements:

## [button:"Continue","green","white","red","goto:NextPage"][background:black]
## [button:"Cancel","red","white","green","goto:Home"][background:black]

[checkbox:"I accept the terms and conditions"]
[checkbox:"Subscribe to newsletter"]

[textbox:30]
[textbox:40]

# [text:lightBlue]Link Example:
[link:"Home","Return to Home"]

# [text:gray]That's all, folks!

[12] Resolved 'COWZ' to ID: 24
[12] Sent query to ID 24 via protocol 'AmazonInternet': COWZ
[12] Received response from ID 24: ## [text:yellow]Welcome to COWZ 🌐

Your new favorite place for [text:lime]cool stuff on the web![text:reset]

# Feature Highlights
# [background:green][text:black]Fast & Friendly[background:black]
## [background:green][text:black]Moo-dern Design[background:black]
### [background:green][text:black]Powered by Creativity[background:black]

# [text:cyan]Meet the Herd:
We’re building [text:red]open-source[text:reset], [text:blue]community-powered[text:reset], and [text:green]super fun[text:reset] web tools for everyone.

# [text:magenta]Themes You’ll Love:
[background:yellow][text:black] Customizable UI 
[background:lime][text:black] Vibrant Colors 
[background:black][text:reset]

# [text:orange]Get Started:

## [button:"Explore","green","white","red","goto:Explore"][background:black]
## [button:"Join the Herd","red","white","green","goto:SignUp"][background:black]

[checkbox:"I agree to be awesome 😎"]
[checkbox:"Send me COWZ news!"]

[textbox:Enter your email...]
[textbox:Optional: Share your favorite cow pun!]

# [text:lightBlue]Need More Info?
[link:"About","Learn about our mission"]
[link:"Docs","Read the documentation"]

# [text:gray]See you around the paddock!

[12] Hostname 'COWZ' not found in cache. Attempting DNS update...
[12] Requesting DNS data from server...
[12] DNS data cached to 'dns_cache.txt'.
[12] Entry: Amazon : 3 (AmazonInternet)
[12] Entry: TestWebsite : 21 (AmazonInternet)
[12] Entry: COWZ : 24 (AmazonInternet)
[12] Resolved 'COWZ' to ID after update: 24
[12] Sent query to ID 24 via protocol 'AmazonInternet': COWZ
[12] Received response from ID 24: ## [text:yellow]Welcome to COWZ 🌐

Your new favorite place for [text:lime]cool stuff on the web![text:reset]

# Feature Highlights
# [background:green][text:black]Fast & Friendly[background:black]
## [background:green][text:black]Moo-dern Design[background:black]
### [background:green][text:black]Powered by Creativity[background:black]

# [text:cyan]Meet the Herd:
We’re building [text:red]open-source[text:reset], [text:blue]community-powered[text:reset], and [text:green]super fun[text:reset] web tools for everyone.

# [text:magenta]Themes You’ll Love:
[background:yellow][text:black] Customizable UI 
[background:lime][text:black] Vibrant Colors 
[background:black][text:reset]

# [text:orange]Get Started:

## [button:"Explore","green","white","red","goto:Explore"][background:black]
## [button:"Join the Herd","red","white","green","goto:SignUp"][background:black]

[checkbox:"I agree to be awesome 😎"]
[checkbox:"Send me COWZ news!"]

[textbox:Enter your email...]
[textbox:Optional: Share your favorite cow pun!]

# [text:lightBlue]Need More Info?
[link:"About","Learn about our mission"]
[link:"Docs","Read the documentation"]

# [text:gray]See you around the paddock!

[12] Resolved 'TestWebsite' to ID: 21
[12] Sent query to ID 21 via protocol 'AmazonInternet': TestWebsite
[12] Received response from ID 21: ## [text:yellow]MiniMark++ Feature Showcase

Welcome to the [text:lime]MiniMark++[text:reset] demo page!

# Alignment Test
# [background:green][text:black]Left Aligned[background:black]
## [background:green][text:black]Centered[background:black]
### [background:green][text:black]Right Aligned[background:black]

# [text:cyan]Inline Color Test:
This sentence has [text:red]red[text:reset], [text:blue]blue[text:reset], and [text:green]green[text:reset] words.

# [text:magenta]Background Color Test:
[background:yellow][text:black] Yellow Background 
[background:lime][text:black] Lime Background 
[background:black][text:reset]

# [text:orange]Interactive Elements:

## [button:"Continue","green","white","red","goto:NextPage"][background:black]
## [button:"Cancel","red","white","green","goto:Home"][background:black]

[checkbox:"I accept the terms and conditions"]
[checkbox:"Subscribe to newsletter"]

[textbox:30]
[textbox:40]

# [text:lightBlue]Link Example:
[link:"Home","Return to Home"]

# [text:gray]That's all, folks!

[12] Resolved 'COWZ' to ID: 24
[12] Sent query to ID 24 via protocol 'AmazonInternet': COWZ
[12] Received response from ID 24: ## [text:yellow]Welcome to COWZ 🌐

Your new favorite place for [text:lime]cool stuff on the web![text:reset]

# Feature Highlights
# [background:green][text:black]Fast & Friendly[background:black]
## [background:green][text:black]Moo-dern Design[background:black]
### [background:green][text:black]Powered by Creativity[background:black]

# [text:cyan]Meet the Herd:
We’re building [text:red]open-source[text:reset], [text:blue]community-powered[text:reset], and [text:green]super fun[text:reset] web tools for everyone.

# [text:magenta]Themes You’ll Love:
[background:yellow][text:black] Customizable UI 
[background:lime][text:black] Vibrant Colors 
[background:black][text:reset]

# [text:orange]Get Started:

## [button:"Explore","green","white","red","goto:Explore"][background:black]
## [button:"Join the Herd","red","white","green","goto:SignUp"][background:black]

[checkbox:"I agree to be awesome 😎"]
[checkbox:"Send me COWZ news!"]

[textbox:Enter your email...]
[textbox:Optional: Share your favorite cow pun!]

# [text:lightBlue]Need More Info?
[link:"About","Learn about our mission"]
[link:"Docs","Read the documentation"]

# [text:gray]See you around the paddock!

[12] Resolved 'TestWebsite' to ID: 21
[12] Sent query to ID 21 via protocol 'AmazonInternet': TestWebsite
[12] Received response from ID 21: ## [text:yellow]MiniMark++ Feature Showcase

Welcome to the [text:lime]MiniMark++[text:reset] demo page!

# Alignment Test
# [background:green][text:black]Left Aligned[background:black]
## [background:green][text:black]Centered[background:black]
### [background:green][text:black]Right Aligned[background:black]

# [text:cyan]Inline Color Test:
This sentence has [text:red]red[text:reset], [text:blue]blue[text:reset], and [text:green]green[text:reset] words.

# [text:magenta]Background Color Test:
[background:yellow][text:black] Yellow Background 
[background:lime][text:black] Lime Background 
[background:black][text:reset]

# [text:orange]Interactive Elements:

## [button:"Continue","green","white","red","goto:NextPage"][background:black]
## [button:"Cancel","red","white","green","goto:Home"][background:black]

[checkbox:"I accept the terms and conditions"]
[checkbox:"Subscribe to newsletter"]

[textbox:30]
[textbox:40]

# [text:lightBlue]Link Example:
[link:"Home","Return to Home"]

# [text:gray]That's all, folks!

[12] Resolved 'COWZ' to ID: 24
[12] Sent query to ID 24 via protocol 'AmazonInternet': COWZ
[12] Received response from ID 24: ## [text:yellow]Welcome to COWZ 🌐

Your new favorite place for [text:lime]cool stuff on the web![text:reset]

# Feature Highlights
# [background:green][text:black]Fast & Friendly[background:black]
## [background:green][text:black]Moo-dern Design[background:black]
### [background:green][text:black]Powered by Creativity[background:black]

# [text:cyan]Meet the Herd:
We’re building [text:red]open-source[text:reset], [text:blue]community-powered[text:reset], and [text:green]super fun[text:reset] web tools for everyone.

# [text:magenta]Themes You’ll Love:
[background:yellow][text:black] Customizable UI 
[background:lime][text:black] Vibrant Colors 
[background:black][text:reset]

# [text:orange]Get Started:

## [button:"Explore","green","white","red","goto:Explore"][background:black]
## [button:"Join the Herd","red","white","green","goto:SignUp"][background:black]

[checkbox:"I agree to be awesome 😎"]
[checkbox:"Send me COWZ news!"]

[textbox:Enter your email...]
[textbox:Optional: Share your favorite cow pun!]

# [text:lightBlue]Need More Info?
[link:"About","Learn about our mission"]
[link:"Docs","Read the documentation"]

# [text:gray]See you around the paddock!

[12] Resolved 'TestWebsite' to ID: 21
[12] Sent query to ID 21 via protocol 'AmazonInternet': TestWebsite
[12] Received response from ID 21: ## [text:yellow]MiniMark++ Feature Showcase

Welcome to the [text:lime]MiniMark++[text:reset] demo page!

# Alignment Test
# [background:green][text:black]Left Aligned[background:black]
## [background:green][text:black]Centered[background:black]
### [background:green][text:black]Right Aligned[background:black]

# [text:cyan]Inline Color Test:
This sentence has [text:red]red[text:reset], [text:blue]blue[text:reset], and [text:green]green[text:reset] words.

# [text:magenta]Background Color Test:
[background:yellow][text:black] Yellow Background 
[background:lime][text:black] Lime Background 
[background:black][text:reset]

# [text:orange]Interactive Elements:

## [button:"Continue","green","white","red","goto:NextPage"][background:black]
## [button:"Cancel","red","white","green","goto:Home"][background:black]

[checkbox:"I accept the terms and conditions"]
[checkbox:"Subscribe to newsletter"]

[textbox:30]
[textbox:40]

# [text:lightBlue]Link Example:
[link:"Home","Return to Home"]

# [text:gray]That's all, folks!

[12] Rednet is not open. Attempting to open...
[12] [ERROR] ModemNotFound, initiating crash!
[12] Resolved 'COWZ' to ID: 24
[12] Sent query to ID 24 via protocol 'AmazonInternet': COWZ
[12] Received response from ID 24: ## [text:yellow]Welcome to COWZ 🌐

Your new favorite place for [text:lime]cool stuff on the web![text:reset]

# Feature Highlights
# [background:green][text:black]Fast & Friendly[background:black]
## [background:green][text:black]Moo-dern Design[background:black]
### [background:green][text:black]Powered by Creativity[background:black]

# [text:cyan]Meet the Herd:
We’re building [text:red]open-source[text:reset], [text:blue]community-powered[text:reset], and [text:green]super fun[text:reset] web tools for everyone.

# [text:magenta]Themes You’ll Love:
[background:yellow][text:black] Customizable UI 
[background:lime][text:black] Vibrant Colors 
[background:black][text:reset]

# [text:orange]Get Started:

## [button:"Explore","green","white","red","goto:Explore"][background:black]
## [button:"Join the Herd","red","white","green","goto:SignUp"][background:black]

[checkbox:"I agree to be awesome 😎"]
[checkbox:"Send me COWZ news!"]

[textbox:Enter your email...]
[textbox:Optional: Share your favorite cow pun!]

# [text:lightBlue]Need More Info?
[link:"About","Learn about our mission"]
[link:"Docs","Read the documentation"]

# [text:gray]See you around the paddock!

[12] Resolved 'TestWebsite' to ID: 21
[12] Sent query to ID 21 via protocol 'AmazonInternet': TestWebsite
[12] Received response from ID 21: ## [text:yellow]MiniMark++ Feature Showcase

Welcome to the [text:lime]MiniMark++[text:reset] demo page!

# Alignment Test
# [background:green][text:black]Left Aligned[background:black]
## [background:green][text:black]Centered[background:black]
### [background:green][text:black]Right Aligned[background:black]

# [text:cyan]Inline Color Test:
This sentence has [text:red]red[text:reset], [text:blue]blue[text:reset], and [text:green]green[text:reset] words.

# [text:magenta]Background Color Test:
[background:yellow][text:black] Yellow Background 
[background:lime][text:black] Lime Background 
[background:black][text:reset]

# [text:orange]Interactive Elements:

## [button:"Continue","green","white","red","goto:NextPage"][background:black]
## [button:"Cancel","red","white","green","goto:Home"][background:black]

[checkbox:"I accept the terms and conditions"]
[checkbox:"Subscribe to newsletter"]

[textbox:30]
[textbox:40]

# [text:lightBlue]Link Example:
[link:"Home","Return to Home"]

# [text:gray]That's all, folks!

[12] Rednet is not open. Attempting to open...
[12] [ERROR] ModemNotFound, initiating crash!
[12] Resolved 'COWZ' to ID: 24
[12] Sent query to ID 24 via protocol 'AmazonInternet': COWZ
[12] Received response from ID 24: ## [text:yellow]Welcome to COWZ 🌐

Your new favorite place for [text:lime]cool stuff on the web![text:reset]

# Feature Highlights
# [background:green][text:black]Fast & Friendly[background:black]
## [background:green][text:black]Moo-dern Design[background:black]
### [background:green][text:black]Powered by Creativity[background:black]

# [text:cyan]Meet the Herd:
We’re building [text:red]open-source[text:reset], [text:blue]community-powered[text:reset], and [text:green]super fun[text:reset] web tools for everyone.

# [text:magenta]Themes You’ll Love:
[background:yellow][text:black] Customizable UI 
[background:lime][text:black] Vibrant Colors 
[background:black][text:reset]

# [text:orange]Get Started:

## [button:"Explore","green","white","red","goto:Explore"][background:black]
## [button:"Join the Herd","red","white","green","goto:SignUp"][background:black]

[checkbox:"I agree to be awesome 😎"]
[checkbox:"Send me COWZ news!"]

[textbox:Enter your email...]
[textbox:Optional: Share your favorite cow pun!]

# [text:lightBlue]Need More Info?
[link:"About","Learn about our mission"]
[link:"Docs","Read the documentation"]

# [text:gray]See you around the paddock!

[12] Resolved 'TestWebsite' to ID: 21
[12] Sent query to ID 21 via protocol 'AmazonInternet': TestWebsite
[12] Received response from ID 21: ## [text:yellow]MiniMark++ Feature Showcase

Welcome to the [text:lime]MiniMark++[text:reset] demo page!

# Alignment Test
# [background:green][text:black]Left Aligned[background:black]
## [background:green][text:black]Centered[background:black]
### [background:green][text:black]Right Aligned[background:black]

# [text:cyan]Inline Color Test:
This sentence has [text:red]red[text:reset], [text:blue]blue[text:reset], and [text:green]green[text:reset] words.

# [text:magenta]Background Color Test:
[background:yellow][text:black] Yellow Background 
[background:lime][text:black] Lime Background 
[background:black][text:reset]

# [text:orange]Interactive Elements:

## [button:"Continue","green","white","red","goto:NextPage"][background:black]
## [button:"Cancel","red","white","green","goto:Home"][background:black]

[checkbox:"I accept the terms and conditions"]
[checkbox:"Subscribe to newsletter"]

[textbox:30]
[textbox:40]

# [text:lightBlue]Link Example:
[link:"Home","Return to Home"]

# [text:gray]That's all, folks!

[12] Resolved 'TestWebsite' to ID: 21
[12] Sent query to ID 21 via protocol 'AmazonInternet': TestWebsite
[12] Received response from ID 21: ## [text:yellow]MiniMark++ Feature Showcase

Welcome to the [text:lime]MiniMark++[text:reset] demo page!

# Alignment Test
# [background:green][text:black]Left Aligned[background:black]
## [background:green][text:black]Centered[background:black]
### [background:green][text:black]Right Aligned[background:black]

# [text:cyan]Inline Color Test:
This sentence has [text:red]red[text:reset], [text:blue]blue[text:reset], and [text:green]green[text:reset] words.

# [text:magenta]Background Color Test:
[background:yellow][text:black] Yellow Background 
[background:lime][text:black] Lime Background 
[background:black][text:reset]

# [text:orange]Interactive Elements:

## [button:"Continue","green","white","red","goto:NextPage"][background:black]
## [button:"Cancel","red","white","green","goto:Home"][background:black]

[checkbox:"I accept the terms and conditions"]
[checkbox:"Subscribe to newsletter"]

[textbox:30]
[textbox:40]

# [text:lightBlue]Link Example:
[link:"Home","Return to Home"]

# [text:gray]That's all, folks!

[12] Resolved 'TestWebsite' to ID: 21
[12] Sent query to ID 21 via protocol 'AmazonInternet': TestWebsite
[12] Received response from ID 21: ## [text:yellow]MiniMark++ Feature Showcase

Welcome to the [text:lime]MiniMark++[text:reset] demo page!

# Alignment Test
# [background:green][text:black]Left Aligned[background:black]
## [background:green][text:black]Centered[background:black]
### [background:green][text:black]Right Aligned[background:black]

# [text:cyan]Inline Color Test:
This sentence has [text:red]red[text:reset], [text:blue]blue[text:reset], and [text:green]green[text:reset] words.

# [text:magenta]Background Color Test:
[background:yellow][text:black] Yellow Background 
[background:lime][text:black] Lime Background 
[background:black][text:reset]

# [text:orange]Interactive Elements:

## [button:"Continue","green","white","red","goto:NextPage"][background:black]
## [button:"Cancel","red","white","green","goto:Home"][background:black]

[checkbox:"I accept the terms and conditions"]
[checkbox:"Subscribe to newsletter"]

[textbox:30]
[textbox:40]

# [text:lightBlue]Link Example:
[link:"Home","Return to Home"]

# [text:gray]That's all, folks!

[12] Resolved 'TestWebsite' to ID: 21
[12] Sent query to ID 21 via protocol 'AmazonInternet': TestWebsite
[12] Received response from ID 21: ## [text:yellow]MiniMark++ Feature Showcase

Welcome to the [text:lime]MiniMark++[text:reset] demo page!

# Alignment Test
# [background:green][text:black]Left Aligned[background:black]
## [background:green][text:black]Centered[background:black]
### [background:green][text:black]Right Aligned[background:black]

# [text:cyan]Inline Color Test:
This sentence has [text:red]red[text:reset], [text:blue]blue[text:reset], and [text:green]green[text:reset] words.

# [text:magenta]Background Color Test:
[background:yellow][text:black] Yellow Background 
[background:lime][text:black] Lime Background 
[background:black][text:reset]

# [text:orange]Interactive Elements:

## [button:"Continue","green","white","red","goto:NextPage"][background:black]
## [button:"Cancel","red","white","green","goto:Home"][background:black]

[checkbox:"I accept the terms and conditions"]
[checkbox:"Subscribe to newsletter"]

[textbox:30]
[textbox:40]

# [text:lightBlue]Link Example:
[link:"Home","Return to Home"]

# [text:gray]That's all, folks!

[12] Resolved 'TestWebsite' to ID: 21
[12] Sent query to ID 21 via protocol 'AmazonInternet': TestWebsite
[12] Received response from ID 21: ## [text:yellow]MiniMark++ Feature Showcase

Welcome to the [text:lime]MiniMark++[text:reset] demo page!

# Alignment Test
# [background:green][text:black]Left Aligned[background:black]
## [background:green][text:black]Centered[background:black]
### [background:green][text:black]Right Aligned[background:black]

# [text:cyan]Inline Color Test:
This sentence has [text:red]red[text:reset], [text:blue]blue[text:reset], and [text:green]green[text:reset] words.

# [text:magenta]Background Color Test:
[background:yellow][text:black] Yellow Background 
[background:lime][text:black] Lime Background 
[background:black][text:reset]

# [text:orange]Interactive Elements:

## [button:"Continue","green","white","red","goto:NextPage"][background:black]
## [button:"Cancel","red","white","green","goto:Home"][background:black]

[checkbox:"I accept the terms and conditions"]
[checkbox:"Subscribe to newsletter"]

[textbox:30]
[textbox:40]

# [text:lightBlue]Link Example:
[link:"Home","Return to Home"]

# [text:gray]That's all, folks!

[12] Resolved 'TestWebsite' to ID: 21
[12] Sent query to ID 21 via protocol 'AmazonInternet': TestWebsite
[12] Received response from ID 21: ## [text:yellow]MiniMark++ Feature Showcase

Welcome to the [text:lime]MiniMark++[text:reset] demo page!

# Alignment Test
# [background:green][text:black]Left Aligned[background:black]
## [background:green][text:black]Centered[background:black]
### [background:green][text:black]Right Aligned[background:black]

# [text:cyan]Inline Color Test:
This sentence has [text:red]red[text:reset], [text:blue]blue[text:reset], and [text:green]green[text:reset] words.

# [text:magenta]Background Color Test:
[background:yellow][text:black] Yellow Background 
[background:lime][text:black] Lime Background 
[background:black][text:reset]

# [text:orange]Interactive Elements:

## [button:"Continue","green","white","red","goto:NextPage"][background:black]
## [button:"Cancel","red","white","green","goto:Home"][background:black]

[checkbox:"I accept the terms and conditions"]
[checkbox:"Subscribe to newsletter"]

[textbox:30]
[textbox:40]

# [text:lightBlue]Link Example:
[link:"Home","Return to Home"]

# [text:gray]That's all, folks!

[12] Resolved 'TestWebsite' to ID: 21
[12] Sent query to ID 21 via protocol 'AmazonInternet': TestWebsite
[12] Received response from ID 21: ## [text:yellow]MiniMark++ Feature Showcase

Welcome to the [text:lime]MiniMark++[text:reset] demo page!

# Alignment Test
# [background:green][text:black]Left Aligned[background:black]
## [background:green][text:black]Centered[background:black]
### [background:green][text:black]Right Aligned[background:black]

# [text:cyan]Inline Color Test:
This sentence has [text:red]red[text:reset], [text:blue]blue[text:reset], and [text:green]green [text:reset]words.

# [text:magenta]Background Color Test:
[background:yellow][text:black] Yellow Background 
[background:lime][text:black] Lime Background 
[background:black][text:reset]

# [text:orange]Interactive Elements:

## [button:"Continue","green","white","red","goto:NextPage"][background:black]
## [button:"Cancel","red","white","green","goto:Home"][background:black]

[checkbox:"I accept the terms and conditions"]
[checkbox:"Subscribe to newsletter"]

[textbox:30]
[textbox:40]

# [text:lightBlue]Link Example:
[link:"Home","Return to Home"]

# [text:gray]That's all, folks!

[12] Resolved 'TestWebsite' to ID: 21
[12] Sent query to ID 21 via protocol 'AmazonInternet': TestWebsite
[12] Received response from ID 21: ## [text:yellow]MiniMark++ Feature Showcase

Welcome to the [text:lime]MiniMark++[text:reset] demo page!

# Alignment Test
# [background:green][text:black]Left Aligned[background:black]
## [background:green][text:black]Centered[background:black]
### [background:green][text:black]Right Aligned[background:black]

# [text:cyan]Inline Color Test:
This sentence has [text:red]red[text:reset], [text:blue]blue[text:reset], and [text:green]green [text:reset]words.

# [text:magenta]Background Color Test:
[background:yellow][text:black] Yellow Background 
[background:lime][text:black] Lime Background 
[background:black][text:reset]

# [text:orange]Interactive Elements:

## [button:"Continue","green","white","red","goto:NextPage"][background:black]
## [button:"Cancel","red","white","green","goto:Home"][background:black]

[checkbox:"I accept the terms and conditions"]
[checkbox:"Subscribe to newsletter"]

[textbox:30]
[textbox:40]

# [text:lightBlue]Link Example:
[link:"Home","Return to Home"]

# [text:gray]That's all, folks!

[12] Resolved 'TestWebsite' to ID: 21
[12] Sent query to ID 21 via protocol 'AmazonInternet': TestWebsite
[12] Received response from ID 21: ## [text:yellow]MiniMark++ Feature Showcase

Welcome to the [text:lime]MiniMark++[text:reset] demo page!

# Alignment Test
# [background:green][text:black]Left Aligned[background:black]
## [background:green][text:black]Centered[background:black]
### [background:green][text:black]Right Aligned[background:black]

# [text:cyan]Inline Color Test:
This sentence has [text:red]red[text:reset], [text:blue]blue[text:reset], and [text:green]green [text:reset]words.

# [text:magenta]Background Color Test:
[background:yellow][text:black] Yellow Background 
[background:lime][text:black] Lime Background 
[background:black][text:reset]

# [text:orange]Interactive Elements:

## [button:"Continue","green","white","red","goto:NextPage"][background:black]
## [button:"Cancel","red","white","green","goto:Home"][background:black]

[checkbox:"I accept the terms and conditions"]
[checkbox:"Subscribe to newsletter"]

[textbox:30]
[textbox:40]

# [text:lightBlue]Link Example:
[link:"Home","Return to Home"]

# [text:gray]That's all, folks!

[12] Resolved 'TestWebsite' to ID: 21
[12] Sent query to ID 21 via protocol 'AmazonInternet': TestWebsite
[12] Received response from ID 21: ## [text:yellow]MiniMark++ Feature Showcase

Welcome to the [text:lime]MiniMark++[text:reset] demo page!

# Alignment Test
# [background:green][text:black]Left Aligned[background:black]
## [background:green][text:black]Centered[background:black]
### [background:green][text:black]Right Aligned[background:black]

# [text:cyan]Inline Color Test:
This sentence has [text:red]red[text:reset], [text:blue]blue[text:reset], and [text:green]green [text:reset]words.

# [text:magenta]Background Color Test:
[background:yellow][text:black] Yellow Background 
[background:lime][text:black] Lime Background 
[background:black][text:reset]

# [text:orange]Interactive Elements:

## [button:"Continue","green","white","red","goto:NextPage"][background:black]
## [button:"Cancel","red","white","green","goto:Home"][background:black]

[checkbox:"I accept the terms and conditions"]
[checkbox:"Subscribe to newsletter"]

[textbox:30]
[textbox:40]

# [text:lightBlue]Link Example:
[link:"Home","Return to Home"]

# [text:gray]That's all, folks!

[12] Resolved 'COWZ' to ID: 24
[12] Sent query to ID 24 via protocol 'AmazonInternet': COWZ
[12] Received response from ID 24: ## [text:orange]MiniMark++ Demo 2: Advanced Features

Welcome to the [text:cyan]advanced MiniMark++[text:reset] showcase!

# [text:lightBlue]Layout Showcase
Here's some content to demonstrate how text wraps:
This paragraph should [text:green]wrap properly across lines[text:reset], even with [text:red]multiple colors involved[text:reset].

# [text:magenta]Color and Background Test
[background:yellow][text:black] Yellow BG [background:lime] Lime BG [background:gray][text:white] Gray BG [background:black][text:reset]

# [text:blue]Alignment Testing
## [background:lightGray][text:black] Left-aligned Example [background:black]
### [background:lightGray][text:black] Centered Sample [background:black]
#### [background:lightGray][text:black] Right-side Alignment [background:black]

# [text:green]Interactive Elements

## [button:"Launch","blue","white","lightBlue","goto:LaunchPage"]
## [button:"Abort","red","white","gray","goto:Abort"]

[checkbox:"Enable feature X"]
[checkbox:"Run in safe mode"]

# [text:yellow]Textboxes
[textbox:20]
[textbox:30]

# [text:cyan]Hyperlink Test
Visit the [link:"Docs","official documentation"] for more info.

# [text:gray]End of Demo
Thanks for testing MiniMark++!
[12] Resolved 'COWZ' to ID: 24
[12] Sent query to ID 24 via protocol 'AmazonInternet': COWZ
[12] Received response from ID 24: ##[text:orange]MiniMark++ Demo 2: Advanced Features

Welcome to the [text:cyan]advanced MiniMark++[text:reset] showcase!

#[text:lightBlue]Layout Showcase
Here's some content to demonstrate how text wraps:
This paragraph should [text:green]wrap properly across lines[text:reset], even with [text:red]multiple colors involved[text:reset].

#[text:magenta]Color and Background Test
[background:yellow][text:black] Yellow BG [background:lime] Lime BG [background:gray][text:white] Gray BG [background:black][text:reset]

#[text:blue]Alignment Testing
#[background:lightGray][text:black]Left-aligned Example[background:black]
##[background:lightGray][text:black]Centered Sample[background:black]
###[background:lightGray][text:black]Right-side Alignment[background:black]

#[text:green]Interactive Elements

##[button:"Launch","blue","white","lightBlue","goto:LaunchPage"]
##[button:"Abort","red","white","gray","goto:Abort"]

[checkbox:"Enable feature X"]
[checkbox:"Run in safe mode"]

#[text:yellow]Textboxes
[textbox:20]
[textbox:30]

#[text:cyan]Hyperlink Test
Visit the [link:"Docs","official documentation"] for more info.

#[text:gray]End of Demo
Thanks for testing MiniMark++!
[12] Rednet is not open. Attempting to open...
[12] [ERROR] ModemNotFound, initiating crash!
[12] Resolved 'COWZ' to ID: 24
[12] Sent query to ID 24 via protocol 'AmazonInternet': COWZ
[12] Received response from ID 24: ##[text:orange]MiniMark++ Demo 2: Advanced Features

Welcome to the [text:cyan]advanced MiniMark++[text:reset] showcase!

#[text:lightBlue]Layout Showcase
Here's some content to demonstrate how text wraps:
This paragraph should [text:green]wrap properly across lines[text:reset], even with [text:red]multiple colors involved[text:reset].

#[text:magenta]Color and Background Test
[background:yellow][text:black] Yellow BG [background:lime] Lime BG [background:gray][text:white] Gray BG [background:black][text:reset]

#[text:blue]Alignment Testing
#[background:lightGray][text:black]Left-aligned Example[background:black]
##[background:lightGray][text:black]Centered Sample[background:black]
###[background:lightGray][text:black]Right-side Alignment[background:black]

#[text:green]Interactive Elements

##[button:"Launch","blue","white","lightBlue","goto:LaunchPage"]
##[button:"Abort","red","white","gray","goto:Abort"]

[checkbox:"Enable feature X"]
[checkbox:"Run in safe mode"]

#[text:yellow]Textboxes
[textbox:20]
[textbox:30]

#[text:cyan]Hyperlink Test
Visit the [link:"Docs","official documentation"] for more info.

#[text:gray]End of Demo
Thanks for testing MiniMark++!
[12] Rednet is not open. Attempting to open...
[12] [ERROR] ModemNotFound, initiating crash!
[12] Resolved 'TestWebsite' to ID: 21
[12] Sent query to ID 21 via protocol 'AmazonInternet': TestWebsite
[12] Received response from ID 21: [text:red][background:black]TRUTH VAULT: Theories They Don’t Want You To Read[background:reset][text:reset]

[text:gray]
Welcome, traveler of the mind. Below are files extracted from the suppressed vaults of forbidden knowledge.  
Remember: just because it's not true doesn't mean it's not real.
[text:reset]

---

## [text:orange]1. The Great Avocado Conspiracy[text:reset]
### [text:green]What They Don't Want You to Guac-ing Know![text:reset]

[text:yellow]It all began in the late 1800s.[text:reset]  
A humble fruit from Central America, the avocado, quietly took root in the hearts (and sandwiches) of the people.  
But what if it wasn’t just a fruit… but a key player in a secret global operation?

---

### [text:lightBlue]Section 1: The Origins of the A.V.O.C.A.D.O Protocol[text:reset]

[text:lightGray]
Founded in 1872, the A.V.O.C.A.D.O (Avian Vanguard Of Covert Agricultural Domination Operations) was led by rogue botanists and disgraced fruit vendors.  
Their goal? Total control of the global food supply—via green sleeper agents.
[text:reset]

[text:cyan]The avocado was ideal:[text:reset] buttery texture, mysterious pit, and suspiciously photogenic.  
From their secret labs beneath the Andes, they bred hyper-addictive “Level 5 Spreadables.”

---

### [text:orange]Section 2: Avocados and the Shadow Guac Market[text:reset]

[text:yellow]Did you know avocados never ripen on the tree?[text:reset]  
They wait—listening, recording, learning. Each pit is theorized to contain a crystalline mind-reader.

[text:red]Avocados are psychic sponges.[text:reset]

Vaults under Silicon Valley house thousands. Billionaires whisper to them for crypto forecasts.

---

### [text:lightBlue]Section 3: Toast, Trend, and Total Control[text:reset]

How did avocado toast dominate the planet overnight?

[text:magenta]Mind control.[text:reset]

Bees were infected with frequency-modulated pollen waves, spreading thoughts like:
> “Add avocado to everything.”  
> “You don’t need a house if your breakfast is green enough.”

[text:lime]The housing crisis of the 2010s? Explained.[text:reset]

---

### [text:purple]Section 4: Avocado Pit Tech & 6G Networks[text:reset]

[text:lightGreen]“Guac-enabled Global Governance.”[text:reset]

Avocado pits are the new data crystals—syncing with Earth’s magnetic field to bypass satellites.

Elon Musk once tried to tweet about it.  
His phone turned into guacamole before he hit send.

---

### [text:pink]Section 5: How to Resist (And Still Snack)[text:reset]

[text:red]WARNING:[text:reset] Going cold turkey may cause toast hallucinations.

Follow the **3-Pit Plan**:
[checkbox:"Purchase only pitless avocados"]  
[checkbox:"Use guac-neutralizing ingredients (lemon, garlic, onion)"]  
[checkbox:"Store avocados in lead-lined fruit bowls"]

[text:yellow]NEVER eat an avocado after 11:11 PM.[text:reset]  
That’s when they “wake up.”

---

[text:cyan]The Truth is Ripe. Are You Ready to Pick It?[text:reset]  
[button:"Join the Pit Watchers","black","green","gray","link:"./join_pitwatchers""]

[text:gray]Last edited by Agent Toastghost – May 14, 2025.  
Trust no toast.[text:reset]

---

## [text:lightBlue]2. Birds Aren’t Real: The Feathered Surveillance Network[text:reset]

They flap. They chirp. They poop on your car.  
But are they even alive?

Between 1959 and 2001, [text:orange]80% of birds were replaced with biomechanical drones.[text:reset]  
Bird-watching? A psy-op to normalize surveillance.

[text:yellow]
- Pigeons = street cams  
- Crows = facial recognition  
- Owls = night vision  
- Ducks = aquatic drones  
[text:reset]

[text:gray]Pecking order has a whole new meaning.[text:reset]  
[checkbox:"Refuse to feed birds until they show a birth certificate."]

---

## [text:purple]3. The Moon is a Hologram (and We’re Renting It)[text:reset]

[text:cyan]Why does the moon always face us?[text:reset]  
Because it’s a projection.

The real moon was repo’d by space bankers in 1348 AD.  
What you see is a hologram beamed from orbiting black satellites.

[text:lightGray]
- Tides? Quantum ocean magnets.  
- Astronauts? GoPro cosplayers in Nevada.  
- Eclipses? Maintenance reboots.  
[text:reset]

[checkbox:"Demand to see the moon’s backside."]

---

## [text:orange]4. Bats Invented Wi-Fi[text:reset]

[text:lime]Bats use echolocation… or is it just organic Wi-Fi?[text:reset]

In 1907, early routers were found in Romanian caves, embedded in guano.

[text:lightBlue]Their click-patterns inspired modern Wi-Fi protocols.  
That's why routers end in “-net”: a tribute to the bat-net.[text:reset]

[checkbox:"Only connect to networks ending in .bat for authentic signal."]

---

## [text:pink]5. Trees Talk Trash (and Send It to Google)[text:reset]

[text:yellow]
Every leaf: a solar panel.  
Every root: a fiber line.  
Trees are judging you—and uploading it to the cloud.  
[text:reset]

Discovered in 1996: trees communicate via the [text:green]“Wood Wide Web.”[text:reset]  
But tech companies secretly tap into those fungal roots.

[text:gray]In 2021, Google Translate revealed a tree insult:  
“Bald monkey moves weird.” It was patched within hours.[text:reset]

[checkbox:"Apologize to your nearest oak before it leaks your browser history."]

---

## [text:cyan]6. Cheese is a Solid-State Memory Device[text:reset]

[text:orange]Why is cheese addictive? Because it remembers you.[text:reset]  
Hard cheeses store trace neural data as you eat them. Cheddar literally remembers.

[text:lightBlue]
- Swiss scientists stored 1.2GB in a wheel of gouda.  
- It only played polka.  
[text:reset]

[text:gray]Aged cheddar leaks dreams and past passwords. Consume wisely.[text:reset]

[checkbox:"Only eat soft cheese. Hard cheese stores your secrets."]

---

## [text:red]Ready to Learn More?[text:reset]  
[button:"Browse the Forbidden Files","black","yellow","gray","link:"./forbidden_files""]  
[button:"Apply for Vault Membership","black","green","gray","link:"./join""]  
[button:"Report a Tree to Authorities","black","red","gray","link:"./report_tree""]

[text:gray]
Compiled by The Quack Society, Chapter 42.  
All theories are definitely fake. Probably. Maybe.  
Trust no cheese.
[text:reset]

[12] Rednet is not open. Attempting to open...
[12] [ERROR] ModemNotFound, initiating crash!
[12] Resolved 'COWZ' to ID: 24
[12] Sent query to ID 24 via protocol 'AmazonInternet': COWZ
[12] Received response from ID 24: # [text:orange][background:brown]Welcome to Cowpedia![text:reset][background:reset]

## [text:yellow]Your Ultimate Guide to Cows[text:reset]

Cows are incredible animals that have supported human life for centuries. From milk to leather to their calming presence, cows are truly remarkable.

---

## [text:lightBlue]Basic Cow Facts[text:reset]

- Cows are herbivores, eating mainly grass and hay.
- An adult cow can weigh over 1,500 pounds.
- Cows have four stomach compartments to help digest tough plant materials.
- A cow's gestation period is about 9 months, just like humans!
- Cows can sleep while standing up, but they lie down for REM sleep.

---

## [text:green]Famous Cow Breeds[text:reset]

Here are some well-known breeds of cows:

- [text:cyan]Holstein[text:reset]: Known for their black-and-white spots and high milk production.
- [text:magenta]Jersey[text:reset]: Small, light brown cows that produce rich, creamy milk.
- [text:lightBlue]Angus[text:reset]: Popular beef cattle, known for tender meat.
- [text:lime]Hereford[text:reset]: Red with white faces, known for calm temperament.

---

## [text:orange]Cow Intelligence and Emotions[text:reset]

Cows are more than just farm animals. They are:

- [text:yellow]Social[text:reset]: Cows form close bonds with herd mates.
- [text:pink]Emotional[text:reset]: They can feel sadness, joy, and fear.
- [text:purple]Clever[text:reset]: Studies show cows can learn tasks and remember them.

---

## [text:lightGray]Test Your Cow Knowledge![text:reset]

[text:lightGreen]What's your favorite cow breed?[text:reset]
[textbox:20]

[text:lightGreen]Do you think cows are smarter than dogs?[text:reset]
[checkbox:"Yes, cows are very smart!"]

[button:"Submit Answers","cyan","black","lightBlue","showResults"]

---

### [text:lightBlue]Cow Appreciation Day![text:reset]

Did you know there's a whole day to celebrate cows? It's called Cow Appreciation Day and it's usually held in July. People dress up like cows and get free treats at certain restaurants.

---

## [text:red]Support Cow Welfare[text:reset]

If you care about cows, consider the following:

- Support local farms with humane treatment practices.
- Buy organic or grass-fed dairy and beef.
- Educate others about the emotional lives of cows.

---

# [text:white][background:gray]Thank you for visiting Cowpedia![text:reset][background:reset]

[text:lightGray]To learn more, check out the [link:"resources.page","Resources"] page.
